<?xml version="1.0" encoding="UTF-8"?>
<testsuite name="catalin_tfg.TfgApplicationTests" tests="1" skipped="0" failures="0" errors="0" timestamp="2017-02-27T15:53:17" hostname="catalin-GL552VW" time="0.024">
  <properties/>
  <testcase name="contextLoads" classname="catalin_tfg.TfgApplicationTests" time="0.024"/>
  <system-out><![CDATA[16:53:16.732 [Test worker] DEBUG org.springframework.test.context.junit4.SpringJUnit4ClassRunner - SpringJUnit4ClassRunner constructor called with [class catalin_tfg.TfgApplicationTests]
16:53:16.735 [Test worker] DEBUG org.springframework.test.context.BootstrapUtils - Instantiating CacheAwareContextLoaderDelegate from class [org.springframework.test.context.cache.DefaultCacheAwareContextLoaderDelegate]
16:53:16.740 [Test worker] DEBUG org.springframework.test.context.BootstrapUtils - Instantiating BootstrapContext using constructor [public org.springframework.test.context.support.DefaultBootstrapContext(java.lang.Class,org.springframework.test.context.CacheAwareContextLoaderDelegate)]
16:53:16.750 [Test worker] DEBUG org.springframework.test.context.BootstrapUtils - Instantiating TestContextBootstrapper for test class [catalin_tfg.TfgApplicationTests] from class [org.springframework.boot.test.context.SpringBootTestContextBootstrapper]
16:53:16.758 [Test worker] INFO org.springframework.boot.test.context.SpringBootTestContextBootstrapper - Neither @ContextConfiguration nor @ContextHierarchy found for test class [catalin_tfg.TfgApplicationTests], using SpringBootContextLoader
16:53:16.760 [Test worker] DEBUG org.springframework.test.context.support.AbstractContextLoader - Did not detect default resource location for test class [catalin_tfg.TfgApplicationTests]: class path resource [catalin_tfg/TfgApplicationTests-context.xml] does not exist
16:53:16.760 [Test worker] DEBUG org.springframework.test.context.support.AbstractContextLoader - Did not detect default resource location for test class [catalin_tfg.TfgApplicationTests]: class path resource [catalin_tfg/TfgApplicationTestsContext.groovy] does not exist
16:53:16.760 [Test worker] INFO org.springframework.test.context.support.AbstractContextLoader - Could not detect default resource locations for test class [catalin_tfg.TfgApplicationTests]: no resource found for suffixes {-context.xml, Context.groovy}.
16:53:16.761 [Test worker] INFO org.springframework.test.context.support.AnnotationConfigContextLoaderUtils - Could not detect default configuration classes for test class [catalin_tfg.TfgApplicationTests]: TfgApplicationTests does not declare any static, non-private, non-final, nested classes annotated with @Configuration.
16:53:16.788 [Test worker] DEBUG org.springframework.test.context.support.ActiveProfilesUtils - Could not find an 'annotation declaring class' for annotation type [org.springframework.test.context.ActiveProfiles] and class [catalin_tfg.TfgApplicationTests]
16:53:16.794 [Test worker] DEBUG org.springframework.core.env.StandardEnvironment - Adding [systemProperties] PropertySource with lowest search precedence
16:53:16.795 [Test worker] DEBUG org.springframework.core.env.StandardEnvironment - Adding [systemEnvironment] PropertySource with lowest search precedence
16:53:16.795 [Test worker] DEBUG org.springframework.core.env.StandardEnvironment - Initialized StandardEnvironment with PropertySources [systemProperties,systemEnvironment]
16:53:16.802 [Test worker] DEBUG org.springframework.core.io.support.PathMatchingResourcePatternResolver - Resolved classpath location [catalin_tfg/] to resources [URL [file:/home/catalin/Escritorio/TFG/REPO/TFG/build/classes/test/catalin_tfg/], URL [file:/home/catalin/Escritorio/TFG/REPO/TFG/build/classes/main/catalin_tfg/]]
16:53:16.802 [Test worker] DEBUG org.springframework.core.io.support.PathMatchingResourcePatternResolver - Looking for matching resources in directory tree [/home/catalin/Escritorio/TFG/REPO/TFG/build/classes/test/catalin_tfg]
16:53:16.802 [Test worker] DEBUG org.springframework.core.io.support.PathMatchingResourcePatternResolver - Searching directory [/home/catalin/Escritorio/TFG/REPO/TFG/build/classes/test/catalin_tfg] for files matching pattern [/home/catalin/Escritorio/TFG/REPO/TFG/build/classes/test/catalin_tfg/*.class]
16:53:16.804 [Test worker] DEBUG org.springframework.core.io.support.PathMatchingResourcePatternResolver - Looking for matching resources in directory tree [/home/catalin/Escritorio/TFG/REPO/TFG/build/classes/main/catalin_tfg]
16:53:16.804 [Test worker] DEBUG org.springframework.core.io.support.PathMatchingResourcePatternResolver - Searching directory [/home/catalin/Escritorio/TFG/REPO/TFG/build/classes/main/catalin_tfg] for files matching pattern [/home/catalin/Escritorio/TFG/REPO/TFG/build/classes/main/catalin_tfg/*.class]
16:53:16.804 [Test worker] DEBUG org.springframework.core.io.support.PathMatchingResourcePatternResolver - Resolved location pattern [classpath*:catalin_tfg/*.class] to resources [file [/home/catalin/Escritorio/TFG/REPO/TFG/build/classes/test/catalin_tfg/TfgApplicationTests.class], file [/home/catalin/Escritorio/TFG/REPO/TFG/build/classes/main/catalin_tfg/TfgApplication.class]]
16:53:16.834 [Test worker] DEBUG org.springframework.context.annotation.ClassPathScanningCandidateComponentProvider - Identified candidate component class: file [/home/catalin/Escritorio/TFG/REPO/TFG/build/classes/main/catalin_tfg/TfgApplication.class]
16:53:16.835 [Test worker] INFO org.springframework.boot.test.context.SpringBootTestContextBootstrapper - Found @SpringBootConfiguration catalin_tfg.TfgApplication for test class catalin_tfg.TfgApplicationTests
16:53:16.837 [Test worker] DEBUG org.springframework.boot.test.context.SpringBootTestContextBootstrapper - @TestExecutionListeners is not present for class [catalin_tfg.TfgApplicationTests]: using defaults.
16:53:16.840 [Test worker] INFO org.springframework.boot.test.context.SpringBootTestContextBootstrapper - Loaded default TestExecutionListener class names from location [META-INF/spring.factories]: [org.springframework.boot.test.mock.mockito.MockitoTestExecutionListener, org.springframework.boot.test.mock.mockito.ResetMocksTestExecutionListener, org.springframework.boot.test.autoconfigure.restdocs.RestDocsTestExecutionListener, org.springframework.boot.test.autoconfigure.web.client.MockRestServiceServerResetTestExecutionListener, org.springframework.boot.test.autoconfigure.web.servlet.MockMvcPrintOnlyOnFailureTestExecutionListener, org.springframework.boot.test.autoconfigure.web.servlet.WebDriverTestExecutionListener, org.springframework.test.context.web.ServletTestExecutionListener, org.springframework.test.context.support.DirtiesContextBeforeModesTestExecutionListener, org.springframework.test.context.support.DependencyInjectionTestExecutionListener, org.springframework.test.context.support.DirtiesContextTestExecutionListener, org.springframework.test.context.transaction.TransactionalTestExecutionListener, org.springframework.test.context.jdbc.SqlScriptsTestExecutionListener]
16:53:16.846 [Test worker] INFO org.springframework.boot.test.context.SpringBootTestContextBootstrapper - Could not instantiate TestExecutionListener [org.springframework.test.context.jdbc.SqlScriptsTestExecutionListener]. Specify custom listener classes or make the default listener classes (and their required dependencies) available. Offending class: [org/springframework/transaction/interceptor/TransactionAttribute]
16:53:16.846 [Test worker] INFO org.springframework.boot.test.context.SpringBootTestContextBootstrapper - Could not instantiate TestExecutionListener [org.springframework.test.context.transaction.TransactionalTestExecutionListener]. Specify custom listener classes or make the default listener classes (and their required dependencies) available. Offending class: [org/springframework/transaction/TransactionDefinition]
16:53:16.847 [Test worker] INFO org.springframework.boot.test.context.SpringBootTestContextBootstrapper - Could not instantiate TestExecutionListener [org.springframework.test.context.web.ServletTestExecutionListener]. Specify custom listener classes or make the default listener classes (and their required dependencies) available. Offending class: [javax/servlet/ServletContext]
16:53:16.848 [Test worker] INFO org.springframework.boot.test.context.SpringBootTestContextBootstrapper - Using TestExecutionListeners: [org.springframework.test.context.support.DirtiesContextBeforeModesTestExecutionListener@50d180bd, org.springframework.boot.test.autoconfigure.SpringBootDependencyInjectionTestExecutionListener@33fe0ff2, org.springframework.test.context.support.DirtiesContextTestExecutionListener@71cc8549, org.springframework.boot.test.mock.mockito.MockitoTestExecutionListener@4973f689, org.springframework.boot.test.autoconfigure.web.client.MockRestServiceServerResetTestExecutionListener@15fb5372, org.springframework.boot.test.autoconfigure.restdocs.RestDocsTestExecutionListener@56395fa0, org.springframework.boot.test.autoconfigure.web.servlet.MockMvcPrintOnlyOnFailureTestExecutionListener@434a6ee3, org.springframework.boot.test.mock.mockito.ResetMocksTestExecutionListener@15db1fbd, org.springframework.boot.test.autoconfigure.web.servlet.WebDriverTestExecutionListener@5af4beb7]
16:53:16.850 [Test worker] DEBUG org.springframework.test.annotation.ProfileValueUtils - Retrieved @ProfileValueSourceConfiguration [null] for test class [catalin_tfg.TfgApplicationTests]
16:53:16.850 [Test worker] DEBUG org.springframework.test.annotation.ProfileValueUtils - Retrieved ProfileValueSource type [class org.springframework.test.annotation.SystemProfileValueSource] for class [catalin_tfg.TfgApplicationTests]
16:53:16.851 [Test worker] DEBUG org.springframework.test.annotation.ProfileValueUtils - Retrieved @ProfileValueSourceConfiguration [null] for test class [catalin_tfg.TfgApplicationTests]
16:53:16.851 [Test worker] DEBUG org.springframework.test.annotation.ProfileValueUtils - Retrieved ProfileValueSource type [class org.springframework.test.annotation.SystemProfileValueSource] for class [catalin_tfg.TfgApplicationTests]
16:53:16.854 [Test worker] DEBUG org.springframework.test.context.support.AbstractDirtiesContextTestExecutionListener - Before test class: context [DefaultTestContext@3d51e578 testClass = TfgApplicationTests, testInstance = [null], testMethod = [null], testException = [null], mergedContextConfiguration = [MergedContextConfiguration@241d4111 testClass = TfgApplicationTests, locations = '{}', classes = '{class catalin_tfg.TfgApplication}', contextInitializerClasses = '[]', activeProfiles = '{}', propertySourceLocations = '{}', propertySourceProperties = '{org.springframework.boot.test.context.SpringBootTestContextBootstrapper=true}', contextCustomizers = set[org.springframework.boot.test.context.SpringBootTestContextCustomizer@20b7255b, org.springframework.boot.test.context.filter.ExcludeFilterContextCustomizer@34fa9bad, org.springframework.boot.test.mock.mockito.MockitoContextCustomizer@0, org.springframework.boot.test.autoconfigure.properties.PropertyMappingContextCustomizer@0, org.springframework.boot.test.autoconfigure.web.servlet.WebDriverContextCustomizerFactory$Customizer@5c73e9f8], contextLoader = 'org.springframework.boot.test.context.SpringBootContextLoader', parent = [null]]], class annotated with @DirtiesContext [false] with mode [null].
16:53:16.854 [Test worker] DEBUG org.springframework.test.annotation.ProfileValueUtils - Retrieved @ProfileValueSourceConfiguration [null] for test class [catalin_tfg.TfgApplicationTests]
16:53:16.854 [Test worker] DEBUG org.springframework.test.annotation.ProfileValueUtils - Retrieved ProfileValueSource type [class org.springframework.test.annotation.SystemProfileValueSource] for class [catalin_tfg.TfgApplicationTests]
16:53:16.855 [Test worker] DEBUG org.springframework.test.context.support.DependencyInjectionTestExecutionListener - Performing dependency injection for test context [[DefaultTestContext@3d51e578 testClass = TfgApplicationTests, testInstance = catalin_tfg.TfgApplicationTests@549641fb, testMethod = [null], testException = [null], mergedContextConfiguration = [MergedContextConfiguration@241d4111 testClass = TfgApplicationTests, locations = '{}', classes = '{class catalin_tfg.TfgApplication}', contextInitializerClasses = '[]', activeProfiles = '{}', propertySourceLocations = '{}', propertySourceProperties = '{org.springframework.boot.test.context.SpringBootTestContextBootstrapper=true}', contextCustomizers = set[org.springframework.boot.test.context.SpringBootTestContextCustomizer@20b7255b, org.springframework.boot.test.context.filter.ExcludeFilterContextCustomizer@34fa9bad, org.springframework.boot.test.mock.mockito.MockitoContextCustomizer@0, org.springframework.boot.test.autoconfigure.properties.PropertyMappingContextCustomizer@0, org.springframework.boot.test.autoconfigure.web.servlet.WebDriverContextCustomizerFactory$Customizer@5c73e9f8], contextLoader = 'org.springframework.boot.test.context.SpringBootContextLoader', parent = [null]]]].
16:53:16.890 [Test worker] DEBUG org.springframework.core.env.StandardEnvironment - Adding [systemProperties] PropertySource with lowest search precedence
16:53:16.890 [Test worker] DEBUG org.springframework.core.env.StandardEnvironment - Adding [systemEnvironment] PropertySource with lowest search precedence
16:53:16.890 [Test worker] DEBUG org.springframework.core.env.StandardEnvironment - Initialized StandardEnvironment with PropertySources [systemProperties,systemEnvironment]
16:53:16.891 [Test worker] DEBUG org.springframework.core.env.MutablePropertySources - Adding [inline] PropertySource with highest search precedence
16:53:16.894 [Test worker] DEBUG org.springframework.test.context.support.TestPropertySourceUtils - Adding inlined properties to environment: {spring.jmx.enabled=false, org.springframework.boot.test.context.SpringBootTestContextBootstrapper=true, server.port=-1}
16:53:16.895 [Test worker] DEBUG org.springframework.core.env.StandardEnvironment - Adding [Inlined Test Properties] PropertySource with highest search precedence

  .   ____          _            __ _ _
 /\\ / ___'_ __ _ _(_)_ __  __ _ \ \ \ \
( ( )\___ | '_ | '_| | '_ \/ _` | \ \ \ \
 \\/  ___)| |_)| | | | | || (_| |  ) ) ) )
  '  |____| .__|_| |_|_| |_\__, | / / / /
 =========|_|==============|___/=/_/_/_/
 :: Spring Boot ::        (v1.5.1.RELEASE)

2017-02-27 16:53:17.061  INFO 8897 --- [    Test worker] catalin_tfg.TfgApplicationTests          : Starting TfgApplicationTests on catalin-GL552VW with PID 8897 (started by catalin in /home/catalin/Escritorio/TFG/REPO/TFG)
2017-02-27 16:53:17.062  INFO 8897 --- [    Test worker] catalin_tfg.TfgApplicationTests          : No active profile set, falling back to default profiles: default
2017-02-27 16:53:17.076  INFO 8897 --- [    Test worker] s.c.a.AnnotationConfigApplicationContext : Refreshing org.springframework.context.annotation.AnnotationConfigApplicationContext@e65c90a: startup date [Mon Feb 27 16:53:17 CET 2017]; root of context hierarchy
2017-02-27 16:53:17.356  INFO 8897 --- [    Test worker] catalin_tfg.TfgApplicationTests          : Started TfgApplicationTests in 0.46 seconds (JVM running for 1.005)
]]></system-out>
  <system-err><![CDATA[]]></system-err>
</testsuite>
